s[2025-08-01 09:29:43] Starting scrape_leaf_entries.py...
[2025-08-01 09:30:47] Script exited due to blockage (exit code 99). Will restart after wait.
[2025-08-01 09:30:47] Waiting 60 seconds before restart...
[2025-08-01 09:31:46] Starting scrape_leaf_entries.py...
[2025-08-01 09:32:53] Starting scrape_leaf_entries.py...
[2025-08-01 09:38:19] Starting scrape_leaf_entries.py...
[2025-08-01 09:50:41] Script exited due to blockage (exit code 99). Will restart after wait.
[2025-08-01 09:50:41] Waiting 60 seconds before restart...
[2025-08-01 09:51:41] Starting scrape_leaf_entries.py...
[2025-08-01 09:52:44] Script exited due to blockage (exit code 99). Will restart after wait.
[2025-08-01 09:52:44] Waiting 60 seconds before restart...
[2025-08-01 09:53:44] Starting scrape_leaf_entries.py...
[2025-08-01 10:13:16] Starting scrape_leaf_entries.py...
[2025-08-01 10:21:47] Starting scrape_leaf_entries.py...
[2025-08-01 10:22:52] Script exited due to blockage (exit code 99). Will restart after wait.
[2025-08-01 10:22:52] Waiting 60 seconds before restart...
[2025-08-01 10:23:10] Starting scrape_leaf_entries.py...
[2025-08-01 10:29:28] Starting scrape_leaf_entries.py...
[2025-08-01 10:32:18] Starting scrape_leaf_entries.py...
[2025-08-01 10:32:59] Starting scrape_leaf_entries.py...
[2025-08-01 10:42:32] Starting scrape_leaf_entries.py...
[2025-08-01 10:44:47] Starting scrape_leaf_entries.py...
[2025-08-01 11:07:58] Starting scrape_leaf_entries.py...
[2025-08-01 11:09:31] Starting scrape_leaf_entries.py...
[2025-08-01 11:16:33] Starting scrape_leaf_entries.py...
[2025-08-01 11:20:11] Starting scrape_leaf_entries.py...
[2025-08-01 11:25:36] Starting scrape_leaf_entries.py...
[2025-08-01 11:36:11] Starting scrape_leaf_entries.py...
[2025-08-01 11:39:22] Starting scrape_leaf_entries.py...
[2025-08-01 11:40:57] Starting scrape_leaf_entries.py...
[2025-08-01 11:43:10] Starting scrape_leaf_entries.py...
[2025-08-01 11:43:51] Starting scrape_leaf_entries.py...
[2025-08-01 11:47:13] Script exited due to blockage (exit code 99). Will restart after wait.
[2025-08-01 11:47:13] Waiting 60 seconds before restart...
[2025-08-01 11:48:13] Starting scrape_leaf_entries.py...
[2025-08-01 11:50:20] Starting scrape_leaf_entries.py...
[2025-08-01 11:51:40] Starting scrape_leaf_entries.py...
[2025-08-01 11:55:39] Starting scrape_leaf_entries.py...
[2025-08-01 12:00:38] Starting scrape_leaf_entries.py...
[2025-08-01 12:06:44] Starting scrape_leaf_entries.py...
[2025-08-01 12:08:36] Starting scrape_leaf_entries.py...
[2025-08-01 12:09:24] Starting scrape_leaf_entries.py...
[2025-08-01 12:57:32] Script exited due to blockage (exit code 99). Will restart after wait.
[2025-08-01 12:57:32] Waiting 60 seconds before restart...
[2025-08-01 12:57:59] Starting scrape_leaf_entries.py...
[2025-08-01 12:58:20] Script completed normally (exit code 0). Not restarting.
[2025-08-01 20:50:19] Starting scrape_leaf_entries.py...
[2025-08-01 20:51:42] Starting scrape_leaf_entries.py...
[2025-08-01 20:52:29] Script exited with error code 1. Not restarting.
[2025-08-01 20:52:46] Starting scrape_leaf_entries.py...
[2025-08-01 20:58:32] Starting scrape_leaf_entries.py...
[2025-08-01 21:19:30] Script completed normally (exit code 0). Not restarting.
